Using pre-set license
Built from '2020.3/staging' branch; Version is '2020.3.26f1 (7298b473bc1a) revision 7510196'; Using compiler version '192528614'; Build Type 'Release'
OS: 'Windows 10  (10.0.19044) 64bit Professional' Language: 'en' Physical Memory: 16317 MB
BatchMode: 1, IsHumanControllingUs: 0, StartBugReporterOnCrash: 0, Is64bit: 1, IsPro: 0

COMMAND LINE ARGUMENTS:
D:\Program Files\Unity\Hub\Editor\2020.3.26f1\Editor\Unity.exe
-adb2
-batchMode
-noUpm
-name
AssetImportWorker0
-projectPath
C:/Users/harry/Desktop/Unity Stuff/SPRING 2022/Mario 1-1 DIG4715
-logFile
Logs/AssetImportWorker0.log
-srvPort
57044
Successfully changed project path to: C:/Users/harry/Desktop/Unity Stuff/SPRING 2022/Mario 1-1 DIG4715
C:/Users/harry/Desktop/Unity Stuff/SPRING 2022/Mario 1-1 DIG4715
Using Asset Import Pipeline V2.
Refreshing native plugins compatible for Editor in 87.30 ms, found 3 plugins.
Preloading 0 native plugins for Editor in 0.00 ms.
Initialize engine version: 2020.3.26f1 (7298b473bc1a)
[Subsystems] Discovering subsystems at path D:/Program Files/Unity/Hub/Editor/2020.3.26f1/Editor/Data/Resources/UnitySubsystems
[Subsystems] Discovering subsystems at path C:/Users/harry/Desktop/Unity Stuff/SPRING 2022/Mario 1-1 DIG4715/Assets
GfxDevice: creating device client; threaded=0
Direct3D:
    Version:  Direct3D 11.0 [level 11.1]
    Renderer: NVIDIA GeForce GTX 1080 Ti (ID=0x1b06)
    Vendor:   
    VRAM:     11127 MB
    Driver:   27.21.14.6611
Initialize mono
Mono path[0] = 'D:/Program Files/Unity/Hub/Editor/2020.3.26f1/Editor/Data/Managed'
Mono path[1] = 'D:/Program Files/Unity/Hub/Editor/2020.3.26f1/Editor/Data/MonoBleedingEdge/lib/mono/unityjit'
Mono config path = 'D:/Program Files/Unity/Hub/Editor/2020.3.26f1/Editor/Data/MonoBleedingEdge/etc'
Using monoOptions --debugger-agent=transport=dt_socket,embedding=1,server=y,suspend=n,address=127.0.0.1:56748
Begin MonoManager ReloadAssembly
Registering precompiled unity dll's ...
Register platform support module: D:/Program Files/Unity/Hub/Editor/2020.3.26f1/Editor/Data/PlaybackEngines/WebGLSupport/UnityEditor.WebGL.Extensions.dll
Register platform support module: D:/Program Files/Unity/Hub/Editor/2020.3.26f1/Editor/Data/PlaybackEngines/WindowsStandaloneSupport/UnityEditor.WindowsStandalone.Extensions.dll
Registered in 0.007521 seconds.
Native extension for WindowsStandalone target not found
Native extension for WebGL target not found
Refreshing native plugins compatible for Editor in 91.04 ms, found 3 plugins.
Preloading 0 native plugins for Editor in 0.00 ms.
Mono: successfully reloaded assembly
- Completed reload, in  1.296 seconds
Domain Reload Profiling:
	ReloadAssembly (1297ms)
		BeginReloadAssembly (144ms)
			ExecutionOrderSort (0ms)
			DisableScriptedObjects (0ms)
			BackupInstance (0ms)
			ReleaseScriptingObjects (0ms)
			CreateAndSetChildDomain (1ms)
		EndReloadAssembly (946ms)
			LoadAssemblies (137ms)
			RebuildTransferFunctionScriptingTraits (0ms)
			SetupTypeCache (291ms)
			ReleaseScriptCaches (0ms)
			RebuildScriptCaches (55ms)
			SetupLoadedEditorAssemblies (340ms)
				LogAssemblyErrors (0ms)
				InitializePlatformSupportModulesInManaged (10ms)
				SetLoadedEditorAssemblies (0ms)
				RefreshPlugins (91ms)
				BeforeProcessingInitializeOnLoad (15ms)
				ProcessInitializeOnLoadAttributes (176ms)
				ProcessInitializeOnLoadMethodAttributes (46ms)
				AfterProcessingInitializeOnLoad (0ms)
				EditorAssembliesLoaded (0ms)
			ExecutionOrderSort2 (0ms)
			AwakeInstancesAfterBackupRestoration (0ms)
Platform modules already initialized, skipping
Registering precompiled user dll's ...
Registered in 0.008871 seconds.
Begin MonoManager ReloadAssembly
Native extension for WindowsStandalone target not found
Native extension for WebGL target not found
Refreshing native plugins compatible for Editor in 78.91 ms, found 3 plugins.
Preloading 0 native plugins for Editor in 0.00 ms.
Mono: successfully reloaded assembly
- Completed reload, in  2.012 seconds
Domain Reload Profiling:
	ReloadAssembly (2013ms)
		BeginReloadAssembly (272ms)
			ExecutionOrderSort (0ms)
			DisableScriptedObjects (9ms)
			BackupInstance (0ms)
			ReleaseScriptingObjects (0ms)
			CreateAndSetChildDomain (26ms)
		EndReloadAssembly (1616ms)
			LoadAssemblies (163ms)
			RebuildTransferFunctionScriptingTraits (0ms)
			SetupTypeCache (558ms)
			ReleaseScriptCaches (1ms)
			RebuildScriptCaches (91ms)
			SetupLoadedEditorAssemblies (576ms)
				LogAssemblyErrors (0ms)
				InitializePlatformSupportModulesInManaged (6ms)
				SetLoadedEditorAssemblies (0ms)
				RefreshPlugins (79ms)
				BeforeProcessingInitializeOnLoad (130ms)
				ProcessInitializeOnLoadAttributes (314ms)
				ProcessInitializeOnLoadMethodAttributes (27ms)
				AfterProcessingInitializeOnLoad (21ms)
				EditorAssembliesLoaded (0ms)
			ExecutionOrderSort2 (0ms)
			AwakeInstancesAfterBackupRestoration (11ms)
Platform modules already initialized, skipping
========================================================================
Worker process is ready to serve import requests
Launched and connected shader compiler UnityShaderCompiler.exe after 0.08 seconds
Refreshing native plugins compatible for Editor in 0.37 ms, found 3 plugins.
Preloading 0 native plugins for Editor in 0.00 ms.
Unloading 2220 Unused Serialized files (Serialized files now loaded: 0)
System memory in use before: 98.5 MB.
System memory in use after: 98.6 MB.

Unloading 28 unused Assets to reduce memory usage. Loaded Objects now: 2655.
Total: 2.805900 ms (FindLiveObjects: 0.180300 ms CreateObjectMapping: 0.169600 ms MarkObjects: 2.396000 ms  DeleteObjects: 0.058800 ms)

AssetImportParameters requested are different than current active one (requested -> active):
  custom:framework-win-MediaFoundation: 216162199b28c13a410421893ffa2e32 -> 
  custom:video-decoder-ogg-theora: a1e56fd34408186e4bbccfd4996cb3dc -> 
  custom:container-muxer-webm: aa71ff27fc2769a1b78a27578f13a17b -> 
  custom:container-demuxer-webm: 4f35f7cbe854078d1ac9338744f61a02 -> 
  custom:container-demuxer-ogg: 62fdf1f143b41e24485cea50d1cbac27 -> 
  custom:video-encoder-webm-vp8: eb34c28f22e8b96e1ab97ce403110664 -> 
  custom:video-decoder-webm-vp8: 9c59270c3fd7afecdb556c50c9e8de78 -> 
  custom:audio-decoder-ogg-vorbis: bf7c407c2cedff20999df2af8eb42d56 -> 
  custom:audio-encoder-webm-vorbis: bf7c407c2cedff20999df2af8eb42d56 -> 
========================================================================
Received Import Request.
  path: Assets/Art/Sprites/Environment/Floor_Sprite.png
  artifactKey: Guid(91ba0cef985cb934f978b4c86d874834) Importer(815301076,1909f56bfc062723c751e8b465ee728b)
Start importing Assets/Art/Sprites/Environment/Floor_Sprite.png using Guid(91ba0cef985cb934f978b4c86d874834) Importer(815301076,1909f56bfc062723c751e8b465ee728b)  -> (artifact id: '0366fcb8b86ffda0bdd356ce49922bc3') in 0.142071 seconds 
  Import took 0.146833 seconds .

========================================================================
Received Import Request.
  Time since last request: 9.535972 seconds.
  path: Assets/Art/Sprites/Environment/Floor_Sprite.png
  artifactKey: Guid(91ba0cef985cb934f978b4c86d874834) Importer(815301076,1909f56bfc062723c751e8b465ee728b)
Start importing Assets/Art/Sprites/Environment/Floor_Sprite.png using Guid(91ba0cef985cb934f978b4c86d874834) Importer(815301076,1909f56bfc062723c751e8b465ee728b)  -> (artifact id: 'c33f6088d56367bf24bc09fb03f5e6a4') in 0.027177 seconds 
  Import took 0.034566 seconds .

========================================================================
Received Import Request.
  Time since last request: 26.455842 seconds.
  path: Assets/Art/Sprites/Environment/Floor_Sprite.asset
  artifactKey: Guid(55681a572e5476143b7dc90bf6e57911) Importer(815301076,1909f56bfc062723c751e8b465ee728b)
Start importing Assets/Art/Sprites/Environment/Floor_Sprite.asset using Guid(55681a572e5476143b7dc90bf6e57911) Importer(815301076,1909f56bfc062723c751e8b465ee728b)  -> (artifact id: 'ac01eb351fd5de0c848d9a2e49a78960') in 0.066108 seconds 
  Import took 0.072012 seconds .

========================================================================
Received Import Request.
  Time since last request: 264.962203 seconds.
  path: Assets/Art/Sprites/Environment/Floor_Sprite_2.png
  artifactKey: Guid(5cabd9c7b12e22f43808c29119642f55) Importer(815301076,1909f56bfc062723c751e8b465ee728b)
Start importing Assets/Art/Sprites/Environment/Floor_Sprite_2.png using Guid(5cabd9c7b12e22f43808c29119642f55) Importer(815301076,1909f56bfc062723c751e8b465ee728b)  -> (artifact id: '4c1687cdb198eb953ec9b4b534294d72') in 0.032174 seconds 
  Import took 0.041763 seconds .

========================================================================
Received Import Request.
  Time since last request: 14.248980 seconds.
  path: Assets/Art/Sprites/Environment/Floor_Sprite_2.png
  artifactKey: Guid(5cabd9c7b12e22f43808c29119642f55) Importer(815301076,1909f56bfc062723c751e8b465ee728b)
Start importing Assets/Art/Sprites/Environment/Floor_Sprite_2.png using Guid(5cabd9c7b12e22f43808c29119642f55) Importer(815301076,1909f56bfc062723c751e8b465ee728b)  -> (artifact id: 'c2c7615f98240e2f4eebe089fded87ef') in 0.025096 seconds 
  Import took 0.036482 seconds .

========================================================================
Received Import Request.
  Time since last request: 3.282067 seconds.
  path: Assets/Art/Sprites/Environment/Floor_Sprite_2.png
  artifactKey: Guid(5cabd9c7b12e22f43808c29119642f55) Importer(815301076,1909f56bfc062723c751e8b465ee728b)
Start importing Assets/Art/Sprites/Environment/Floor_Sprite_2.png using Guid(5cabd9c7b12e22f43808c29119642f55) Importer(815301076,1909f56bfc062723c751e8b465ee728b)  -> (artifact id: '6ecd5360f458bf03b1180f2551a8b5b1') in 0.033116 seconds 
  Import took 0.040996 seconds .

========================================================================
Received Import Request.
  Time since last request: 12.158242 seconds.
  path: Assets/Art/Sprites/Environment/Floor_Sprite_2.png
  artifactKey: Guid(5cabd9c7b12e22f43808c29119642f55) Importer(815301076,1909f56bfc062723c751e8b465ee728b)
Start importing Assets/Art/Sprites/Environment/Floor_Sprite_2.png using Guid(5cabd9c7b12e22f43808c29119642f55) Importer(815301076,1909f56bfc062723c751e8b465ee728b)  -> (artifact id: '5c991bb258c12942b76d40aa8c7eb52a') in 0.023833 seconds 
  Import took 0.030638 seconds .

========================================================================
Received Import Request.
  Time since last request: 14.328536 seconds.
  path: Assets/Art/Sprites/Environment/Floor_Sprite_2.asset
  artifactKey: Guid(a1babce559f28ac43858af99051d1fa1) Importer(815301076,1909f56bfc062723c751e8b465ee728b)
Start importing Assets/Art/Sprites/Environment/Floor_Sprite_2.asset using Guid(a1babce559f28ac43858af99051d1fa1) Importer(815301076,1909f56bfc062723c751e8b465ee728b)  -> (artifact id: '7d364a36e4adbc43874167c716a1174f') in 0.015236 seconds 
  Import took 0.029618 seconds .

========================================================================
Received Prepare
Registering precompiled user dll's ...
Registered in 0.011202 seconds.
Begin MonoManager ReloadAssembly
Native extension for WindowsStandalone target not found
Native extension for WebGL target not found
Refreshing native plugins compatible for Editor in 1.07 ms, found 3 plugins.
Preloading 0 native plugins for Editor in 0.00 ms.
Mono: successfully reloaded assembly
- Completed reload, in  2.927 seconds
Domain Reload Profiling:
	ReloadAssembly (2928ms)
		BeginReloadAssembly (736ms)
			ExecutionOrderSort (0ms)
			DisableScriptedObjects (19ms)
			BackupInstance (0ms)
			ReleaseScriptingObjects (0ms)
			CreateAndSetChildDomain (65ms)
		EndReloadAssembly (2044ms)
			LoadAssemblies (661ms)
			RebuildTransferFunctionScriptingTraits (0ms)
			SetupTypeCache (736ms)
			ReleaseScriptCaches (3ms)
			RebuildScriptCaches (127ms)
			SetupLoadedEditorAssemblies (710ms)
				LogAssemblyErrors (0ms)
				InitializePlatformSupportModulesInManaged (19ms)
				SetLoadedEditorAssemblies (1ms)
				RefreshPlugins (1ms)
				BeforeProcessingInitializeOnLoad (147ms)
				ProcessInitializeOnLoadAttributes (478ms)
				ProcessInitializeOnLoadMethodAttributes (28ms)
				AfterProcessingInitializeOnLoad (35ms)
				EditorAssembliesLoaded (1ms)
			ExecutionOrderSort2 (0ms)
			AwakeInstancesAfterBackupRestoration (29ms)
Platform modules already initialized, skipping
Refreshing native plugins compatible for Editor in 0.70 ms, found 3 plugins.
Preloading 0 native plugins for Editor in 0.00 ms.
Unloading 2196 Unused Serialized files (Serialized files now loaded: 0)
System memory in use before: 99.5 MB.
System memory in use after: 99.6 MB.

Unloading 17 unused Assets to reduce memory usage. Loaded Objects now: 2665.
Total: 4.159500 ms (FindLiveObjects: 0.196800 ms CreateObjectMapping: 0.154500 ms MarkObjects: 3.788900 ms  DeleteObjects: 0.018100 ms)

AssetImportParameters requested are different than current active one (requested -> active):
  custom:framework-win-MediaFoundation: 216162199b28c13a410421893ffa2e32 -> 
  custom:video-decoder-ogg-theora: a1e56fd34408186e4bbccfd4996cb3dc -> 
  custom:container-muxer-webm: aa71ff27fc2769a1b78a27578f13a17b -> 
  custom:container-demuxer-webm: 4f35f7cbe854078d1ac9338744f61a02 -> 
  custom:container-demuxer-ogg: 62fdf1f143b41e24485cea50d1cbac27 -> 
  custom:video-encoder-webm-vp8: eb34c28f22e8b96e1ab97ce403110664 -> 
  custom:video-decoder-webm-vp8: 9c59270c3fd7afecdb556c50c9e8de78 -> 
  custom:audio-decoder-ogg-vorbis: bf7c407c2cedff20999df2af8eb42d56 -> 
  custom:audio-encoder-webm-vorbis: bf7c407c2cedff20999df2af8eb42d56 -> 
========================================================================
Received Import Request.
  Time since last request: 206.239703 seconds.
  path: Assets/Art/Sprites/Environment/Floor_Sprite_3.png
  artifactKey: Guid(1bf3659569b124347b86131eec9cce7d) Importer(815301076,1909f56bfc062723c751e8b465ee728b)
Start importing Assets/Art/Sprites/Environment/Floor_Sprite_3.png using Guid(1bf3659569b124347b86131eec9cce7d) Importer(815301076,1909f56bfc062723c751e8b465ee728b)  -> (artifact id: '443861429930a2e6b8221f1da1f06d53') in 0.095649 seconds 
  Import took 0.102862 seconds .

========================================================================
Received Import Request.
  Time since last request: 20.670733 seconds.
  path: Assets/Art/Sprites/Environment/Floor_Sprite_3.png
  artifactKey: Guid(1bf3659569b124347b86131eec9cce7d) Importer(815301076,1909f56bfc062723c751e8b465ee728b)
Start importing Assets/Art/Sprites/Environment/Floor_Sprite_3.png using Guid(1bf3659569b124347b86131eec9cce7d) Importer(815301076,1909f56bfc062723c751e8b465ee728b)  -> (artifact id: '7435c71ccbc47406fe97544bc3078a59') in 0.023922 seconds 
  Import took 0.030839 seconds .

========================================================================
Received Import Request.
  Time since last request: 9.699093 seconds.
  path: Assets/Art/Sprites/Environment/Floor_Sprite_3.asset
  artifactKey: Guid(ac0195fb3f769dd4d8b989e744433fc5) Importer(815301076,1909f56bfc062723c751e8b465ee728b)
Start importing Assets/Art/Sprites/Environment/Floor_Sprite_3.asset using Guid(ac0195fb3f769dd4d8b989e744433fc5) Importer(815301076,1909f56bfc062723c751e8b465ee728b)  -> (artifact id: '2f8d541ac79e7258f7971487f6539951') in 0.058229 seconds 
  Import took 0.076189 seconds .

========================================================================
Received Import Request.
  Time since last request: 146.923307 seconds.
  path: Assets/Art/Sprites/Environment/Floor_Sprite_4.png
  artifactKey: Guid(684ed2ff593f691429ed85cb131870d3) Importer(815301076,1909f56bfc062723c751e8b465ee728b)
Start importing Assets/Art/Sprites/Environment/Floor_Sprite_4.png using Guid(684ed2ff593f691429ed85cb131870d3) Importer(815301076,1909f56bfc062723c751e8b465ee728b)  -> (artifact id: 'ac3b174fa4ee4897c0b88f198da3271a') in 0.032157 seconds 
  Import took 0.040667 seconds .

========================================================================
Received Import Request.
  Time since last request: 26.704604 seconds.
  path: Assets/Art/Sprites/Environment/Floor_Sprite_4.png
  artifactKey: Guid(684ed2ff593f691429ed85cb131870d3) Importer(815301076,1909f56bfc062723c751e8b465ee728b)
Start importing Assets/Art/Sprites/Environment/Floor_Sprite_4.png using Guid(684ed2ff593f691429ed85cb131870d3) Importer(815301076,1909f56bfc062723c751e8b465ee728b)  -> (artifact id: 'f9cc86f5c5db0ddd46705f70cd4d0e21') in 0.026865 seconds 
  Import took 0.034273 seconds .

========================================================================
Received Import Request.
  Time since last request: 19.307753 seconds.
  path: Assets/Art/Sprites/Environment/Floor_Sprite_4.asset
  artifactKey: Guid(14f58112135b3d74ba4d138721f224e9) Importer(815301076,1909f56bfc062723c751e8b465ee728b)
Start importing Assets/Art/Sprites/Environment/Floor_Sprite_4.asset using Guid(14f58112135b3d74ba4d138721f224e9) Importer(815301076,1909f56bfc062723c751e8b465ee728b)  -> (artifact id: '4876a3bf40c1165fb1a1980d2ecd27e5') in 0.016274 seconds 
  Import took 0.035977 seconds .

========================================================================
Received Prepare
Registering precompiled user dll's ...
Registered in 0.006828 seconds.
Begin MonoManager ReloadAssembly
Native extension for WindowsStandalone target not found
Native extension for WebGL target not found
Refreshing native plugins compatible for Editor in 0.59 ms, found 3 plugins.
Preloading 0 native plugins for Editor in 0.00 ms.
Mono: successfully reloaded assembly
- Completed reload, in  2.176 seconds
Domain Reload Profiling:
	ReloadAssembly (2176ms)
		BeginReloadAssembly (233ms)
			ExecutionOrderSort (0ms)
			DisableScriptedObjects (11ms)
			BackupInstance (0ms)
			ReleaseScriptingObjects (0ms)
			CreateAndSetChildDomain (44ms)
		EndReloadAssembly (1777ms)
			LoadAssemblies (558ms)
			RebuildTransferFunctionScriptingTraits (0ms)
			SetupTypeCache (548ms)
			ReleaseScriptCaches (1ms)
			RebuildScriptCaches (69ms)
			SetupLoadedEditorAssemblies (494ms)
				LogAssemblyErrors (0ms)
				InitializePlatformSupportModulesInManaged (10ms)
				SetLoadedEditorAssemblies (1ms)
				RefreshPlugins (1ms)
				BeforeProcessingInitializeOnLoad (107ms)
				ProcessInitializeOnLoadAttributes (336ms)
				ProcessInitializeOnLoadMethodAttributes (17ms)
				AfterProcessingInitializeOnLoad (22ms)
				EditorAssembliesLoaded (0ms)
			ExecutionOrderSort2 (0ms)
			AwakeInstancesAfterBackupRestoration (15ms)
Platform modules already initialized, skipping
Refreshing native plugins compatible for Editor in 0.66 ms, found 3 plugins.
Preloading 0 native plugins for Editor in 0.00 ms.
Unloading 2196 Unused Serialized files (Serialized files now loaded: 0)
System memory in use before: 99.5 MB.
System memory in use after: 99.7 MB.

Unloading 17 unused Assets to reduce memory usage. Loaded Objects now: 2669.
Total: 3.757800 ms (FindLiveObjects: 0.208500 ms CreateObjectMapping: 0.117900 ms MarkObjects: 3.395600 ms  DeleteObjects: 0.034900 ms)

AssetImportParameters requested are different than current active one (requested -> active):
  custom:framework-win-MediaFoundation: 216162199b28c13a410421893ffa2e32 -> 
  custom:video-decoder-ogg-theora: a1e56fd34408186e4bbccfd4996cb3dc -> 
  custom:container-muxer-webm: aa71ff27fc2769a1b78a27578f13a17b -> 
  custom:container-demuxer-webm: 4f35f7cbe854078d1ac9338744f61a02 -> 
  custom:container-demuxer-ogg: 62fdf1f143b41e24485cea50d1cbac27 -> 
  custom:video-encoder-webm-vp8: eb34c28f22e8b96e1ab97ce403110664 -> 
  custom:video-decoder-webm-vp8: 9c59270c3fd7afecdb556c50c9e8de78 -> 
  custom:audio-decoder-ogg-vorbis: bf7c407c2cedff20999df2af8eb42d56 -> 
  custom:audio-encoder-webm-vorbis: bf7c407c2cedff20999df2af8eb42d56 -> 
AssetImportWorkerClient::OnTransportError - code=2 error=End of file
